<?xml version="1.0" encoding="UTF-8"?>
<testng-results ignored="0" total="1" passed="1" failed="0" skipped="0">
  <reporter-output>
  </reporter-output>
  <suite started-at="2023-12-21T15:45:22 IST" name="Default suite" finished-at="2023-12-21T15:45:27 IST" duration-ms="5447">
    <groups>
    </groups>
    <test started-at="2023-12-21T15:45:22 IST" name="Default test" finished-at="2023-12-21T15:45:27 IST" duration-ms="5447">
      <class name="com.Test.Search_Fiels">
        <test-method signature="search()[pri:0, instance:com.Test.Search_Fiels@2f9f7dcf]" started-at="2023-12-21T15:45:22 IST" name="search" finished-at="2023-12-21T15:45:27 IST" duration-ms="5389" status="PASS">
          <reporter-output>
          </reporter-output>
        </test-method> <!-- search -->
      </class> <!-- com.Test.Search_Fiels -->
    </test> <!-- Default test -->
  </suite> <!-- Default suite -->
</testng-results>
